0 info it worked if it ends with ok
1 verbose cli [ '/home/elvis/.nvm/v6.9.1/bin/node',
1 verbose cli   '/home/elvis/.nvm/v6.9.1/bin/npm',
1 verbose cli   'start' ]
2 info using npm@3.10.8
3 info using node@v6.9.1
4 verbose stack Error: ENOENT: no such file or directory, open '/media/elvis/DataHDD1/Projects/NodeJSProjectsGit/NodeJSProjects/package.json'
4 verbose stack     at Error (native)
5 verbose cwd /media/elvis/DataHDD1/Projects/NodeJSProjectsGit/NodeJSProjects
6 error Linux 4.2.0-16-generic
7 error argv "/home/elvis/.nvm/v6.9.1/bin/node" "/home/elvis/.nvm/v6.9.1/bin/npm" "start"
8 error node v6.9.1
9 error npm  v3.10.8
10 error path /media/elvis/DataHDD1/Projects/NodeJSProjectsGit/NodeJSProjects/package.json
11 error code ENOENT
12 error errno -2
13 error syscall open
14 error enoent ENOENT: no such file or directory, open '/media/elvis/DataHDD1/Projects/NodeJSProjectsGit/NodeJSProjects/package.json'
15 error enoent ENOENT: no such file or directory, open '/media/elvis/DataHDD1/Projects/NodeJSProjectsGit/NodeJSProjects/package.json'
15 error enoent This is most likely not a problem with npm itself
15 error enoent and is related to npm not being able to find a file.
16 verbose exit [ -2, true ]
